\BOOKMARK [0][-]{chapter.1}{Introducci\363n y nuevos objetivos}{}% 1
\BOOKMARK [1][-]{section.1.1}{Introducci\363n}{chapter.1}% 2
\BOOKMARK [1][-]{section.1.2}{Versiones anteriores}{chapter.1}% 3
\BOOKMARK [1][-]{section.1.3}{Nuevos objetivos}{chapter.1}% 4
\BOOKMARK [0][-]{chapter.2}{Descripci\363n del problema}{}% 5
\BOOKMARK [1][-]{section.2.1}{Elementos del problema}{chapter.2}% 6
\BOOKMARK [1][-]{section.2.2}{Descripci\363n del modelo}{chapter.2}% 7
\BOOKMARK [1][-]{section.2.3}{Modelo base de datos}{chapter.2}% 8
\BOOKMARK [0][-]{chapter.3}{Tecnolog\355as utilizadas}{}% 9
\BOOKMARK [1][-]{section.3.1}{C++}{chapter.3}% 10
\BOOKMARK [1][-]{section.3.2}{MySQL}{chapter.3}% 11
\BOOKMARK [1][-]{section.3.3}{HTML y JavaScript}{chapter.3}% 12
\BOOKMARK [1][-]{section.3.4}{Git y Github}{chapter.3}% 13
\BOOKMARK [0][-]{chapter.4}{Heur\355stico}{}% 14
\BOOKMARK [1][-]{section.4.1}{GRASP}{chapter.4}% 15
\BOOKMARK [2][-]{subsection.4.1.1}{Fase constructiva}{section.4.1}% 16
\BOOKMARK [2][-]{subsection.4.1.2}{Fase de mejora}{section.4.1}% 17
\BOOKMARK [1][-]{section.4.2}{Heur\355stico implementado}{chapter.4}% 18
\BOOKMARK [2][-]{subsection.4.2.1}{Introducci\363n}{section.4.2}% 19
\BOOKMARK [2][-]{subsection.4.2.2}{Fase constructiva}{section.4.2}% 20
\BOOKMARK [2][-]{subsection.4.2.3}{Fase de mejora}{section.4.2}% 21
\BOOKMARK [2][-]{subsection.4.2.4}{Par\341metros del heur\355stico}{section.4.2}% 22
\BOOKMARK [1][-]{section.4.3}{Encontrar ruta \363ptima}{chapter.4}% 23
\BOOKMARK [2][-]{subsection.4.3.1}{Pre soluci\363n: creaci\363n del grafo}{section.4.3}% 24
\BOOKMARK [2][-]{subsection.4.3.2}{Djistra}{section.4.3}% 25
\BOOKMARK [2][-]{subsection.4.3.3}{Post soluci\363n: actualizaci\363n de las restricciones}{section.4.3}% 26
\BOOKMARK [0][-]{chapter.5}{Resultados experimentales}{}% 27
\BOOKMARK [1][-]{section.5.1}{Comparaci\363n de par\341metros G y N}{chapter.5}% 28
\BOOKMARK [1][-]{section.5.2}{Evoluci\363n de la funci\363n objetivo}{chapter.5}% 29
\BOOKMARK [1][-]{section.5.3}{Resultados globales}{chapter.5}% 30
\BOOKMARK [1][-]{section.5.4}{Representaci\363n gr\341fica}{chapter.5}% 31
\BOOKMARK [1][-]{section.5.5}{Tiempo de ejecuci\363n}{chapter.5}% 32
\BOOKMARK [0][-]{chapter.6}{Conclusiones}{}% 33
\BOOKMARK [1][-]{section.6.1}{Valoraci\363n de los resultados}{chapter.6}% 34
\BOOKMARK [1][-]{section.6.2}{Futuras l\355neas de trabajo}{chapter.6}% 35
\BOOKMARK [0][-]{section.6.2}{Ap\351ndices}{}% 36
\BOOKMARK [0][-]{appendix.Alph1}{Resultados experimentales}{}% 37
\BOOKMARK [1][-]{section.Alph1.1}{Comparaci\363n par\341metros G y N}{appendix.Alph1}% 38
\BOOKMARK [1][-]{section.Alph1.2}{Resultados simulaci\363n}{appendix.Alph1}% 39
\BOOKMARK [0][-]{appendix.Alph2}{Estructura de clases}{}% 40
