\BOOKMARK [0][-]{chapter.1}{Introducci\363n y nuevos objetivos}{}% 1
\BOOKMARK [1][-]{section.1.1}{Introducci\363n}{chapter.1}% 2
\BOOKMARK [1][-]{section.1.2}{Versiones anteriores}{chapter.1}% 3
\BOOKMARK [1][-]{section.1.3}{Nuevos objetivos}{chapter.1}% 4
\BOOKMARK [0][-]{chapter.2}{Descripci\363n del problema}{}% 5
\BOOKMARK [1][-]{section.2.1}{Sectores}{chapter.2}% 6
\BOOKMARK [1][-]{section.2.2}{Waypoints}{chapter.2}% 7
\BOOKMARK [1][-]{section.2.3}{Vuelos}{chapter.2}% 8
\BOOKMARK [1][-]{section.2.4}{Rutas}{chapter.2}% 9
\BOOKMARK [1][-]{section.2.5}{Waypoint Route}{chapter.2}% 10
\BOOKMARK [1][-]{section.2.6}{Descripci\363n del modelo}{chapter.2}% 11
\BOOKMARK [1][-]{section.2.7}{Modelo base de datos}{chapter.2}% 12
\BOOKMARK [0][-]{chapter.3}{Tecnolog\355as utilizadas}{}% 13
\BOOKMARK [1][-]{section.3.1}{C++}{chapter.3}% 14
\BOOKMARK [1][-]{section.3.2}{MySQL}{chapter.3}% 15
\BOOKMARK [1][-]{section.3.3}{HTML y JavaScript}{chapter.3}% 16
\BOOKMARK [1][-]{section.3.4}{Git y Github}{chapter.3}% 17
\BOOKMARK [0][-]{chapter.4}{Heur\355stico}{}% 18
\BOOKMARK [1][-]{section.4.1}{GRASP}{chapter.4}% 19
\BOOKMARK [2][-]{subsection.4.1.1}{Fase constructiva}{section.4.1}% 20
\BOOKMARK [2][-]{subsection.4.1.2}{Fase de mejora}{section.4.1}% 21
\BOOKMARK [1][-]{section.4.2}{Heur\355stico implementado}{chapter.4}% 22
\BOOKMARK [2][-]{subsection.4.2.1}{Introducci\363n}{section.4.2}% 23
\BOOKMARK [2][-]{subsection.4.2.2}{Fase constructiva}{section.4.2}% 24
\BOOKMARK [2][-]{subsection.4.2.3}{Fase de mejora}{section.4.2}% 25
\BOOKMARK [2][-]{subsection.4.2.4}{Par\341metros del heur\355stico}{section.4.2}% 26
\BOOKMARK [1][-]{section.4.3}{Encontrar ruta \363ptima}{chapter.4}% 27
\BOOKMARK [2][-]{subsection.4.3.1}{Pre soluci\363n: creaci\363n del grafo}{section.4.3}% 28
\BOOKMARK [2][-]{subsection.4.3.2}{Djistra}{section.4.3}% 29
\BOOKMARK [2][-]{subsection.4.3.3}{Post soluci\363n: actualizaci\363n de las restricciones}{section.4.3}% 30
\BOOKMARK [0][-]{chapter.5}{Resultados experimentales}{}% 31
\BOOKMARK [1][-]{section.5.1}{Comparaci\363n de par\341metros G y N}{chapter.5}% 32
\BOOKMARK [1][-]{section.5.2}{Evoluci\363n de la funci\363n objetivo}{chapter.5}% 33
\BOOKMARK [1][-]{section.5.3}{Resultados globales}{chapter.5}% 34
\BOOKMARK [1][-]{section.5.4}{Representaci\363n gr\341fica}{chapter.5}% 35
\BOOKMARK [1][-]{section.5.5}{Tiempo de ejecuci\363n}{chapter.5}% 36
\BOOKMARK [0][-]{chapter.6}{Conclusiones}{}% 37
\BOOKMARK [1][-]{section.6.1}{Valoraci\363n de los resultados}{chapter.6}% 38
\BOOKMARK [1][-]{section.6.2}{Futuras l\355neas de trabajo}{chapter.6}% 39
\BOOKMARK [0][-]{chapter.7}{Anexo 1: resultados experimentales}{}% 40
\BOOKMARK [1][-]{section.7.1}{Comparaci\363n par\341metros G y N}{chapter.7}% 41
\BOOKMARK [1][-]{section.7.2}{Resultados simulaci\363n}{chapter.7}% 42
\BOOKMARK [2][-]{subsection.7.2.1}{Caso de pruebas A}{section.7.2}% 43
\BOOKMARK [1][-]{section.7.3}{Caso de pruebas B}{chapter.7}% 44
\BOOKMARK [2][-]{subsection.7.3.1}{Caso de pruebas C}{section.7.3}% 45
\BOOKMARK [0][-]{chapter.8}{Anexo 2: Estructura de clases}{}% 46
\BOOKMARK [1][-]{section.8.1}{Flight}{chapter.8}% 47
\BOOKMARK [1][-]{section.8.2}{Problem}{chapter.8}% 48
\BOOKMARK [1][-]{section.8.3}{Sector}{chapter.8}% 49
\BOOKMARK [1][-]{section.8.4}{Solution}{chapter.8}% 50
\BOOKMARK [1][-]{section.8.5}{TimeMoment}{chapter.8}% 51
\BOOKMARK [1][-]{section.8.6}{Wapoint}{chapter.8}% 52
\BOOKMARK [1][-]{section.8.7}{WaypointRoute}{chapter.8}% 53
